TN:
SF:/Users/vishwadeep/kapoor/NODE_BACKEND/server/server.js
FN:21,(anonymous_1)
FN:32,(anonymous_2)
FN:37,(anonymous_3)
FNF:3
FNH:0
FNDA:0,(anonymous_1)
FNDA:0,(anonymous_2)
FNDA:0,(anonymous_3)
DA:2,1
DA:3,1
DA:4,1
DA:5,1
DA:6,1
DA:8,1
DA:9,1
DA:12,1
DA:14,1
DA:20,1
DA:21,1
DA:22,0
DA:26,1
DA:29,1
DA:32,1
DA:33,0
DA:37,1
DA:38,0
DA:39,0
DA:40,0
DA:41,0
DA:45,1
LF:22
LH:16
BRDA:38,0,0,0
BRDA:38,0,1,0
BRDA:39,1,0,0
BRDA:39,1,1,0
BRF:4
BRH:0
end_of_record
TN:
SF:/Users/vishwadeep/kapoor/NODE_BACKEND/server/controller/image_controller.js
FN:3,ImageHandlers
FNF:1
FNH:1
FNDA:1,ImageHandlers
DA:3,1
DA:4,1
DA:8,0
DA:9,0
DA:20,1
DA:21,1
LF:6
LH:4
BRF:0
BRH:0
end_of_record
TN:
SF:/Users/vishwadeep/kapoor/NODE_BACKEND/server/controller/user_controller.js
FN:5,UserHandlers
FN:20,(anonymous_9)
FNF:2
FNH:2
FNDA:1,UserHandlers
FNDA:2,(anonymous_9)
DA:1,1
DA:2,1
DA:5,1
DA:6,1
DA:10,6
DA:11,3
DA:12,2
DA:14,1
DA:15,1
DA:19,3
DA:20,2
DA:21,2
DA:22,2
DA:23,0
DA:25,2
DA:28,0
DA:34,1
DA:35,1
LF:18
LH:16
BRDA:11,0,0,2
BRDA:11,0,1,1
BRDA:11,1,0,3
BRDA:11,1,1,2
BRDA:19,2,0,2
BRDA:19,2,1,1
BRDA:21,3,0,2
BRDA:21,3,1,0
BRDA:22,4,0,0
BRDA:22,4,1,2
BRF:10
BRH:8
end_of_record
TN:
SF:/Users/vishwadeep/kapoor/NODE_BACKEND/server/routes/restAuth.js
FN:11,isLoggedIn
FNF:1
FNH:0
FNDA:0,isLoggedIn
DA:1,1
DA:2,1
DA:12,0
DA:13,0
DA:14,0
DA:19,0
DA:20,0
DA:21,0
DA:22,0
DA:25,0
DA:27,0
DA:30,1
LF:12
LH:3
BRF:0
BRH:0
end_of_record
TN:
SF:/Users/vishwadeep/kapoor/NODE_BACKEND/server/routes/restDispatcher.js
FN:8,(anonymous_1)
FN:14,(anonymous_2)
FN:16,(anonymous_3)
FN:23,(anonymous_4)
FN:24,(anonymous_5)
FNF:5
FNH:2
FNDA:0,(anonymous_1)
FNDA:3,(anonymous_2)
FNDA:3,(anonymous_3)
FNDA:0,(anonymous_4)
FNDA:0,(anonymous_5)
DA:1,1
DA:2,1
DA:3,1
DA:4,1
DA:5,1
DA:7,1
DA:8,1
DA:9,0
DA:10,0
DA:14,1
DA:15,3
DA:16,3
DA:17,3
DA:23,1
DA:24,0
DA:25,0
DA:29,1
LF:17
LH:13
BRF:0
BRH:0
end_of_record
TN:
SF:/Users/vishwadeep/kapoor/NODE_BACKEND/server/utils/constants.js
FNF:0
FNH:0
DA:1,1
DA:2,1
DA:3,1
LF:3
LH:3
BRF:0
BRH:0
end_of_record
